<?xml version="1.0" encoding="UTF-8"?>
<!-- Generated by org.testng.reporters.JUnitXMLReporter -->
<testsuite hostname="DESKTOP-8BIQ62C" failures="0" tests="4" name="Default test" time="11.224" errors="0" timestamp="25 May 2022 04:06:11 GMT">
  <testcase classname="TestRunner.Test001" name="@BeforeClass LunchBrowser" time="0.0">
    <failure type="org.openqa.selenium.SessionNotCreatedException" message="session not created: This version of ChromeDriver only supports Chrome version 102
Current browser version is 101.0.4951.67 with binary path C:\Program Files\Google\Chrome\Application\chrome.exe
Build info: version: &amp;apos;3.14.0&amp;apos;, revision: &amp;apos;aacccce0&amp;apos;, time: &amp;apos;2018-08-02T20:19:58.91Z&amp;apos;
System info: host: &amp;apos;DESKTOP-8BIQ62C&amp;apos;, ip: &amp;apos;192.168.0.8&amp;apos;, os.name: &amp;apos;Windows 10&amp;apos;, os.arch: &amp;apos;amd64&amp;apos;, os.version: &amp;apos;10.0&amp;apos;, java.version: &amp;apos;18.0.1.1&amp;apos;
Driver info: driver.version: ChromeDriver
remote stacktrace: Backtrace:
	Ordinal0 [0x005C2733+2434867]
	Ordinal0 [0x005507A1+1968033]
	Ordinal0 [0x0043C678+837240]
	Ordinal0 [0x0045CAC3+969411]
	Ordinal0 [0x004586DA+952026]
	Ordinal0 [0x00455F91+941969]
	Ordinal0 [0x004890B0+1151152]
	Ordinal0 [0x00488D0A+1150218]
	Ordinal0 [0x00484256+1131094]
	Ordinal0 [0x0045E840+976960]
	Ordinal0 [0x0045F736+980790]
	GetHandleVerifier [0x00833C72+2515426]
	GetHandleVerifier [0x0082702F+2463135]
	GetHandleVerifier [0x0066522A+620442]
	GetHandleVerifier [0x00664016+615814]
	Ordinal0 [0x0055707B+1994875]
	Ordinal0 [0x0055B938+2013496]
	Ordinal0 [0x0055BA25+2013733]
	Ordinal0 [0x00564DE1+2051553]
	BaseThreadInitThunk [0x76E9FA29+25]
	RtlGetAppContainerNamedObjectPath [0x77407A7E+286]
	RtlGetAppContainerNamedObjectPath [0x77407A4E+238]
">
      <![CDATA[org.openqa.selenium.SessionNotCreatedException: session not created: This version of ChromeDriver only supports Chrome version 102
Current browser version is 101.0.4951.67 with binary path C:\Program Files\Google\Chrome\Application\chrome.exe
Build info: version: '3.14.0', revision: 'aacccce0', time: '2018-08-02T20:19:58.91Z'
System info: host: 'DESKTOP-8BIQ62C', ip: '192.168.0.8', os.name: 'Windows 10', os.arch: 'amd64', os.version: '10.0', java.version: '18.0.1.1'
Driver info: driver.version: ChromeDriver
remote stacktrace: Backtrace:
	Ordinal0 [0x005C2733+2434867]
	Ordinal0 [0x005507A1+1968033]
	Ordinal0 [0x0043C678+837240]
	Ordinal0 [0x0045CAC3+969411]
	Ordinal0 [0x004586DA+952026]
	Ordinal0 [0x00455F91+941969]
	Ordinal0 [0x004890B0+1151152]
	Ordinal0 [0x00488D0A+1150218]
	Ordinal0 [0x00484256+1131094]
	Ordinal0 [0x0045E840+976960]
	Ordinal0 [0x0045F736+980790]
	GetHandleVerifier [0x00833C72+2515426]
	GetHandleVerifier [0x0082702F+2463135]
	GetHandleVerifier [0x0066522A+620442]
	GetHandleVerifier [0x00664016+615814]
	Ordinal0 [0x0055707B+1994875]
	Ordinal0 [0x0055B938+2013496]
	Ordinal0 [0x0055BA25+2013733]
	Ordinal0 [0x00564DE1+2051553]
	BaseThreadInitThunk [0x76E9FA29+25]
	RtlGetAppContainerNamedObjectPath [0x77407A7E+286]
	RtlGetAppContainerNamedObjectPath [0x77407A4E+238]

	at java.base/jdk.internal.reflect.DirectConstructorHandleAccessor.newInstance(DirectConstructorHandleAccessor.java:67)
	at java.base/java.lang.reflect.Constructor.newInstanceWithCaller(Constructor.java:499)
	at java.base/java.lang.reflect.Constructor.newInstance(Constructor.java:483)
	at org.openqa.selenium.remote.W3CHandshakeResponse.lambda$new$0(W3CHandshakeResponse.java:57)
	at org.openqa.selenium.remote.W3CHandshakeResponse.lambda$getResponseFunction$2(W3CHandshakeResponse.java:104)
	at org.openqa.selenium.remote.ProtocolHandshake.lambda$createSession$0(ProtocolHandshake.java:122)
	at java.base/java.util.stream.ReferencePipeline$3$1.accept(ReferencePipeline.java:197)
	at java.base/java.util.Spliterators$ArraySpliterator.tryAdvance(Spliterators.java:1002)
	at java.base/java.util.stream.ReferencePipeline.forEachWithCancel(ReferencePipeline.java:129)
	at java.base/java.util.stream.AbstractPipeline.copyIntoWithCancel(AbstractPipeline.java:527)
	at java.base/java.util.stream.AbstractPipeline.copyInto(AbstractPipeline.java:513)
	at java.base/java.util.stream.AbstractPipeline.wrapAndCopyInto(AbstractPipeline.java:499)
	at java.base/java.util.stream.FindOps$FindOp.evaluateSequential(FindOps.java:150)
	at java.base/java.util.stream.AbstractPipeline.evaluate(AbstractPipeline.java:234)
	at java.base/java.util.stream.ReferencePipeline.findFirst(ReferencePipeline.java:647)
	at org.openqa.selenium.remote.ProtocolHandshake.createSession(ProtocolHandshake.java:125)
	at org.openqa.selenium.remote.ProtocolHandshake.createSession(ProtocolHandshake.java:73)
	at org.openqa.selenium.remote.HttpCommandExecutor.execute(HttpCommandExecutor.java:136)
	at org.openqa.selenium.remote.service.DriverCommandExecutor.execute(DriverCommandExecutor.java:83)
	at org.openqa.selenium.remote.RemoteWebDriver.execute(RemoteWebDriver.java:548)
	at org.openqa.selenium.remote.RemoteWebDriver.startSession(RemoteWebDriver.java:212)
	at org.openqa.selenium.remote.RemoteWebDriver.<init>(RemoteWebDriver.java:130)
	at org.openqa.selenium.chrome.ChromeDriver.<init>(ChromeDriver.java:181)
	at org.openqa.selenium.chrome.ChromeDriver.<init>(ChromeDriver.java:168)
	at org.openqa.selenium.chrome.ChromeDriver.<init>(ChromeDriver.java:123)
	at BaseRunner.BaseClass.LunchBrowser(BaseClass.java:71)
	at java.base/jdk.internal.reflect.DirectMethodHandleAccessor.invoke(DirectMethodHandleAccessor.java:104)
	at java.base/java.lang.reflect.Method.invoke(Method.java:577)
	at org.testng.internal.MethodInvocationHelper.invokeMethod(MethodInvocationHelper.java:84)
	at org.testng.internal.Invoker.invokeConfigurationMethod(Invoker.java:564)
	at org.testng.internal.Invoker.invokeConfigurations(Invoker.java:213)
	at org.testng.internal.Invoker.invokeConfigurations(Invoker.java:138)
	at org.testng.internal.TestMethodWorker.invokeBeforeClassMethods(TestMethodWorker.java:175)
	at org.testng.internal.TestMethodWorker.run(TestMethodWorker.java:107)
	at org.testng.TestRunner.privateRun(TestRunner.java:767)
	at org.testng.TestRunner.run(TestRunner.java:617)
	at org.testng.SuiteRunner.runTest(SuiteRunner.java:334)
	at org.testng.SuiteRunner.runSequentially(SuiteRunner.java:329)
	at org.testng.SuiteRunner.privateRun(SuiteRunner.java:291)
	at org.testng.SuiteRunner.run(SuiteRunner.java:240)
	at org.testng.SuiteRunnerWorker.runSuite(SuiteRunnerWorker.java:52)
	at org.testng.SuiteRunnerWorker.run(SuiteRunnerWorker.java:86)
	at org.testng.TestNG.runSuitesSequentially(TestNG.java:1224)
	at org.testng.TestNG.runSuitesLocally(TestNG.java:1149)
	at org.testng.TestNG.run(TestNG.java:1057)
	at org.testng.remote.AbstractRemoteTestNG.run(AbstractRemoteTestNG.java:115)
	at org.testng.remote.RemoteTestNG.initAndRun(RemoteTestNG.java:251)
	at org.testng.remote.RemoteTestNG.main(RemoteTestNG.java:77)
]]>
    </failure>
  </testcase> <!-- @BeforeClass LunchBrowser -->
  <testcase classname="TestRunner.Test001" name="@BeforeMethod TestCaseStartedTime" time="0.0">
    <skipped/>
  </testcase> <!-- @BeforeMethod TestCaseStartedTime -->
  <testcase classname="TestRunner.Test001" name="@AfterMethod TestCaseEndedTime" time="0.0">
    <skipped/>
  </testcase> <!-- @AfterMethod TestCaseEndedTime -->
  <testcase classname="TestRunner.Test001" name="@BeforeMethod TestCaseStartedTime" time="0.0">
    <skipped/>
  </testcase> <!-- @BeforeMethod TestCaseStartedTime -->
  <testcase classname="TestRunner.Test001" name="@AfterMethod TestCaseEndedTime" time="0.0">
    <skipped/>
  </testcase> <!-- @AfterMethod TestCaseEndedTime -->
  <testcase classname="TestRunner.Test001" name="@BeforeMethod TestCaseStartedTime" time="0.0">
    <skipped/>
  </testcase> <!-- @BeforeMethod TestCaseStartedTime -->
  <testcase classname="TestRunner.Test001" name="@AfterMethod TestCaseEndedTime" time="0.0">
    <skipped/>
  </testcase> <!-- @AfterMethod TestCaseEndedTime -->
  <testcase classname="TestRunner.Test001" name="@BeforeMethod TestCaseStartedTime" time="0.0">
    <skipped/>
  </testcase> <!-- @BeforeMethod TestCaseStartedTime -->
  <testcase classname="TestRunner.Test001" name="@AfterMethod TestCaseEndedTime" time="0.0">
    <skipped/>
  </testcase> <!-- @AfterMethod TestCaseEndedTime -->
  <testcase classname="TestRunner.Test001" name="Tc1" time="0.004">
    <skipped/>
  </testcase> <!-- Tc1 -->
  <testcase classname="TestRunner.Test001" name="Tc2" time="0.005">
    <skipped/>
  </testcase> <!-- Tc2 -->
  <testcase classname="TestRunner.Test001" name="Tc3" time="0.004">
    <skipped/>
  </testcase> <!-- Tc3 -->
  <testcase classname="TestRunner.Test001" name="Tc4" time="0.006">
    <skipped/>
  </testcase> <!-- Tc4 -->
</testsuite> <!-- Default test -->
