<?xml version="1.0" encoding="UTF-8"?>
<testng-results total="8" passed="6" failed="2" skipped="0">
  <reporter-output>
  </reporter-output>
  <suite started-at="2022-05-25T04:37:43Z" name="Suite" finished-at="2022-05-25T04:40:48Z" duration-ms="185142">
    <groups>
    </groups>
    <test started-at="2022-05-25T04:37:43Z" name="Test1" finished-at="2022-05-25T04:39:11Z" duration-ms="88042">
      <class name="TestRunner.Test001">
        <test-method is-config="true" signature="LunchBrowser(java.lang.String)[pri:0, instance:TestRunner.Test001@53fe15ff]" started-at="2022-05-25T10:07:43Z" name="LunchBrowser" finished-at="2022-05-25T10:07:47Z" duration-ms="4358" status="PASS">
          <params>
            <param index="0">
              <value>
                <![CDATA[chrome]]>
              </value>
            </param>
          </params>
          <reporter-output>
          </reporter-output>
        </test-method> <!-- LunchBrowser -->
        <test-method is-config="true" signature="TestCaseStartedTime()[pri:0, instance:TestRunner.Test001@53fe15ff]" started-at="2022-05-25T10:07:47Z" name="TestCaseStartedTime" finished-at="2022-05-25T10:07:52Z" duration-ms="4914" status="PASS">
          <reporter-output>
          </reporter-output>
        </test-method> <!-- TestCaseStartedTime -->
        <test-method signature="Tc1()[pri:0, instance:TestRunner.Test001@53fe15ff]" started-at="2022-05-25T10:07:52Z" name="Tc1" finished-at="2022-05-25T10:08:19Z" duration-ms="26381" status="FAIL">
          <exception class="org.openqa.selenium.NoSuchElementException">
            <message>
              <![CDATA[no such element: Unable to locate element: {"method":"xpath","selector":"//span[@class='a-size-medium-plus a-color-base sw-atc-text a-text-bold']"}
  (Session info: chrome=101.0.4951.67)
For documentation on this error, please visit: http://seleniumhq.org/exceptions/no_such_element.html
Build info: version: '3.14.0', revision: 'aacccce0', time: '2018-08-02T20:19:58.91Z'
System info: host: 'DESKTOP-8BIQ62C', ip: '192.168.0.8', os.name: 'Windows 10', os.arch: 'amd64', os.version: '10.0', java.version: '18.0.1.1'
Driver info: org.openqa.selenium.chrome.ChromeDriver
Capabilities {acceptInsecureCerts: false, browserName: chrome, browserVersion: 101.0.4951.67, chrome: {chromedriverVersion: 101.0.4951.41 (93c720db8323..., userDataDir: C:\Users\SVC\AppData\Local\...}, goog:chromeOptions: {debuggerAddress: localhost:53189}, javascriptEnabled: true, networkConnectionEnabled: false, pageLoadStrategy: normal, platform: WINDOWS, platformName: WINDOWS, proxy: Proxy(), setWindowRect: true, strictFileInteractability: false, timeouts: {implicit: 0, pageLoad: 300000, script: 30000}, unhandledPromptBehavior: dismiss and notify, webauthn:extension:credBlob: true, webauthn:extension:largeBlob: true, webauthn:virtualAuthenticators: true}
Session ID: 2c5e1d4cae0a4ab93232ced8509a6bdb
*** Element info: {Using=xpath, value=//span[@class='a-size-medium-plus a-color-base sw-atc-text a-text-bold']}]]>
            </message>
            <full-stacktrace>
              <![CDATA[org.openqa.selenium.NoSuchElementException: no such element: Unable to locate element: {"method":"xpath","selector":"//span[@class='a-size-medium-plus a-color-base sw-atc-text a-text-bold']"}
  (Session info: chrome=101.0.4951.67)
For documentation on this error, please visit: http://seleniumhq.org/exceptions/no_such_element.html
Build info: version: '3.14.0', revision: 'aacccce0', time: '2018-08-02T20:19:58.91Z'
System info: host: 'DESKTOP-8BIQ62C', ip: '192.168.0.8', os.name: 'Windows 10', os.arch: 'amd64', os.version: '10.0', java.version: '18.0.1.1'
Driver info: org.openqa.selenium.chrome.ChromeDriver
Capabilities {acceptInsecureCerts: false, browserName: chrome, browserVersion: 101.0.4951.67, chrome: {chromedriverVersion: 101.0.4951.41 (93c720db8323..., userDataDir: C:\Users\SVC\AppData\Local\...}, goog:chromeOptions: {debuggerAddress: localhost:53189}, javascriptEnabled: true, networkConnectionEnabled: false, pageLoadStrategy: normal, platform: WINDOWS, platformName: WINDOWS, proxy: Proxy(), setWindowRect: true, strictFileInteractability: false, timeouts: {implicit: 0, pageLoad: 300000, script: 30000}, unhandledPromptBehavior: dismiss and notify, webauthn:extension:credBlob: true, webauthn:extension:largeBlob: true, webauthn:virtualAuthenticators: true}
Session ID: 2c5e1d4cae0a4ab93232ced8509a6bdb
*** Element info: {Using=xpath, value=//span[@class='a-size-medium-plus a-color-base sw-atc-text a-text-bold']}
	at java.base/jdk.internal.reflect.DirectConstructorHandleAccessor.newInstance(DirectConstructorHandleAccessor.java:67)
	at java.base/java.lang.reflect.Constructor.newInstanceWithCaller(Constructor.java:499)
	at java.base/java.lang.reflect.Constructor.newInstance(Constructor.java:483)
	at org.openqa.selenium.remote.http.W3CHttpResponseCodec.createException(W3CHttpResponseCodec.java:187)
	at org.openqa.selenium.remote.http.W3CHttpResponseCodec.decode(W3CHttpResponseCodec.java:122)
	at org.openqa.selenium.remote.http.W3CHttpResponseCodec.decode(W3CHttpResponseCodec.java:49)
	at org.openqa.selenium.remote.HttpCommandExecutor.execute(HttpCommandExecutor.java:158)
	at org.openqa.selenium.remote.service.DriverCommandExecutor.execute(DriverCommandExecutor.java:83)
	at org.openqa.selenium.remote.RemoteWebDriver.execute(RemoteWebDriver.java:548)
	at org.openqa.selenium.remote.RemoteWebDriver.findElement(RemoteWebDriver.java:322)
	at org.openqa.selenium.remote.RemoteWebDriver.findElementByXPath(RemoteWebDriver.java:424)
	at org.openqa.selenium.By$ByXPath.findElement(By.java:353)
	at org.openqa.selenium.remote.RemoteWebDriver.findElement(RemoteWebDriver.java:314)
	at TestRunner.Test001.Tc1(Test001.java:106)
	at java.base/jdk.internal.reflect.DirectMethodHandleAccessor.invoke(DirectMethodHandleAccessor.java:104)
	at java.base/java.lang.reflect.Method.invoke(Method.java:577)
	at org.testng.internal.MethodInvocationHelper.invokeMethod(MethodInvocationHelper.java:84)
	at org.testng.internal.Invoker.invokeMethod(Invoker.java:714)
	at org.testng.internal.Invoker.invokeTestMethod(Invoker.java:901)
	at org.testng.internal.Invoker.invokeTestMethods(Invoker.java:1231)
	at org.testng.internal.TestMethodWorker.invokeTestMethods(TestMethodWorker.java:127)
	at org.testng.internal.TestMethodWorker.run(TestMethodWorker.java:111)
	at org.testng.TestRunner.privateRun(TestRunner.java:767)
	at org.testng.TestRunner.run(TestRunner.java:617)
	at org.testng.SuiteRunner.runTest(SuiteRunner.java:334)
	at org.testng.SuiteRunner.runSequentially(SuiteRunner.java:329)
	at org.testng.SuiteRunner.privateRun(SuiteRunner.java:291)
	at org.testng.SuiteRunner.run(SuiteRunner.java:240)
	at org.testng.SuiteRunnerWorker.runSuite(SuiteRunnerWorker.java:52)
	at org.testng.SuiteRunnerWorker.run(SuiteRunnerWorker.java:86)
	at org.testng.TestNG.runSuitesSequentially(TestNG.java:1224)
	at org.testng.TestNG.runSuitesLocally(TestNG.java:1149)
	at org.testng.TestNG.run(TestNG.java:1057)
	at org.testng.remote.AbstractRemoteTestNG.run(AbstractRemoteTestNG.java:115)
	at org.testng.remote.RemoteTestNG.initAndRun(RemoteTestNG.java:251)
	at org.testng.remote.RemoteTestNG.main(RemoteTestNG.java:77)
]]>
            </full-stacktrace>
          </exception> <!-- org.openqa.selenium.NoSuchElementException -->
          <reporter-output>
          </reporter-output>
        </test-method> <!-- Tc1 -->
        <test-method is-config="true" signature="TestCaseEndedTime()[pri:0, instance:TestRunner.Test001@53fe15ff]" started-at="2022-05-25T10:08:19Z" name="TestCaseEndedTime" finished-at="2022-05-25T10:08:19Z" duration-ms="5" status="PASS">
          <reporter-output>
          </reporter-output>
        </test-method> <!-- TestCaseEndedTime -->
        <test-method is-config="true" signature="TestCaseStartedTime()[pri:0, instance:TestRunner.Test001@53fe15ff]" started-at="2022-05-25T10:08:19Z" name="TestCaseStartedTime" finished-at="2022-05-25T10:08:23Z" duration-ms="4014" status="PASS">
          <reporter-output>
          </reporter-output>
        </test-method> <!-- TestCaseStartedTime -->
        <test-method signature="Tc2()[pri:0, instance:TestRunner.Test001@53fe15ff]" started-at="2022-05-25T10:08:23Z" name="Tc2" finished-at="2022-05-25T10:08:30Z" duration-ms="7369" status="PASS">
          <reporter-output>
          </reporter-output>
        </test-method> <!-- Tc2 -->
        <test-method is-config="true" signature="TestCaseEndedTime()[pri:0, instance:TestRunner.Test001@53fe15ff]" started-at="2022-05-25T10:08:30Z" name="TestCaseEndedTime" finished-at="2022-05-25T10:08:30Z" duration-ms="6" status="PASS">
          <reporter-output>
          </reporter-output>
        </test-method> <!-- TestCaseEndedTime -->
        <test-method is-config="true" signature="TestCaseStartedTime()[pri:0, instance:TestRunner.Test001@53fe15ff]" started-at="2022-05-25T10:08:30Z" name="TestCaseStartedTime" finished-at="2022-05-25T10:08:45Z" duration-ms="14833" status="PASS">
          <reporter-output>
          </reporter-output>
        </test-method> <!-- TestCaseStartedTime -->
        <test-method signature="Tc3()[pri:0, instance:TestRunner.Test001@53fe15ff]" started-at="2022-05-25T10:08:45Z" name="Tc3" finished-at="2022-05-25T10:08:51Z" duration-ms="6399" status="PASS">
          <reporter-output>
          </reporter-output>
        </test-method> <!-- Tc3 -->
        <test-method is-config="true" signature="TestCaseEndedTime()[pri:0, instance:TestRunner.Test001@53fe15ff]" started-at="2022-05-25T10:08:51Z" name="TestCaseEndedTime" finished-at="2022-05-25T10:08:51Z" duration-ms="1" status="PASS">
          <reporter-output>
          </reporter-output>
        </test-method> <!-- TestCaseEndedTime -->
        <test-method is-config="true" signature="TestCaseStartedTime()[pri:0, instance:TestRunner.Test001@53fe15ff]" started-at="2022-05-25T10:08:51Z" name="TestCaseStartedTime" finished-at="2022-05-25T10:09:04Z" duration-ms="12362" status="PASS">
          <reporter-output>
          </reporter-output>
        </test-method> <!-- TestCaseStartedTime -->
        <test-method signature="Tc4()[pri:0, instance:TestRunner.Test001@53fe15ff]" started-at="2022-05-25T10:09:04Z" name="Tc4" finished-at="2022-05-25T10:09:11Z" duration-ms="7314" status="PASS">
          <reporter-output>
          </reporter-output>
        </test-method> <!-- Tc4 -->
        <test-method is-config="true" signature="TestCaseEndedTime()[pri:0, instance:TestRunner.Test001@53fe15ff]" started-at="2022-05-25T10:09:11Z" name="TestCaseEndedTime" finished-at="2022-05-25T10:09:11Z" duration-ms="0" status="PASS">
          <reporter-output>
          </reporter-output>
        </test-method> <!-- TestCaseEndedTime -->
      </class> <!-- TestRunner.Test001 -->
    </test> <!-- Test1 -->
    <test started-at="2022-05-25T04:39:11Z" name="Test2" finished-at="2022-05-25T04:40:48Z" duration-ms="96918">
      <class name="TestRunner.Test001">
        <test-method is-config="true" signature="SuiteStarted()[pri:0, instance:TestRunner.Test001@1c5920df]" started-at="2022-05-25T10:07:43Z" name="SuiteStarted" finished-at="2022-05-25T10:07:43Z" duration-ms="20" status="PASS">
          <reporter-output>
          </reporter-output>
        </test-method> <!-- SuiteStarted -->
        <test-method is-config="true" signature="LunchBrowser(java.lang.String)[pri:0, instance:TestRunner.Test001@1c5920df]" started-at="2022-05-25T10:09:11Z" name="LunchBrowser" finished-at="2022-05-25T10:09:11Z" duration-ms="2" status="PASS">
          <params>
            <param index="0">
              <value>
                <![CDATA[firefox]]>
              </value>
            </param>
          </params>
          <reporter-output>
          </reporter-output>
        </test-method> <!-- LunchBrowser -->
        <test-method is-config="true" signature="TestCaseStartedTime()[pri:0, instance:TestRunner.Test001@1c5920df]" started-at="2022-05-25T10:09:11Z" name="TestCaseStartedTime" finished-at="2022-05-25T10:09:25Z" duration-ms="13874" status="PASS">
          <reporter-output>
          </reporter-output>
        </test-method> <!-- TestCaseStartedTime -->
        <test-method signature="Tc1()[pri:0, instance:TestRunner.Test001@1c5920df]" started-at="2022-05-25T10:09:25Z" name="Tc1" finished-at="2022-05-25T10:09:46Z" duration-ms="20892" status="FAIL">
          <exception class="org.openqa.selenium.NoSuchElementException">
            <message>
              <![CDATA[no such element: Unable to locate element: {"method":"xpath","selector":"//span[@class='a-size-medium-plus a-color-base sw-atc-text a-text-bold']"}
  (Session info: chrome=101.0.4951.67)
For documentation on this error, please visit: http://seleniumhq.org/exceptions/no_such_element.html
Build info: version: '3.14.0', revision: 'aacccce0', time: '2018-08-02T20:19:58.91Z'
System info: host: 'DESKTOP-8BIQ62C', ip: '192.168.0.8', os.name: 'Windows 10', os.arch: 'amd64', os.version: '10.0', java.version: '18.0.1.1'
Driver info: org.openqa.selenium.chrome.ChromeDriver
Capabilities {acceptInsecureCerts: false, browserName: chrome, browserVersion: 101.0.4951.67, chrome: {chromedriverVersion: 101.0.4951.41 (93c720db8323..., userDataDir: C:\Users\SVC\AppData\Local\...}, goog:chromeOptions: {debuggerAddress: localhost:53189}, javascriptEnabled: true, networkConnectionEnabled: false, pageLoadStrategy: normal, platform: WINDOWS, platformName: WINDOWS, proxy: Proxy(), setWindowRect: true, strictFileInteractability: false, timeouts: {implicit: 0, pageLoad: 300000, script: 30000}, unhandledPromptBehavior: dismiss and notify, webauthn:extension:credBlob: true, webauthn:extension:largeBlob: true, webauthn:virtualAuthenticators: true}
Session ID: 2c5e1d4cae0a4ab93232ced8509a6bdb
*** Element info: {Using=xpath, value=//span[@class='a-size-medium-plus a-color-base sw-atc-text a-text-bold']}]]>
            </message>
            <full-stacktrace>
              <![CDATA[org.openqa.selenium.NoSuchElementException: no such element: Unable to locate element: {"method":"xpath","selector":"//span[@class='a-size-medium-plus a-color-base sw-atc-text a-text-bold']"}
  (Session info: chrome=101.0.4951.67)
For documentation on this error, please visit: http://seleniumhq.org/exceptions/no_such_element.html
Build info: version: '3.14.0', revision: 'aacccce0', time: '2018-08-02T20:19:58.91Z'
System info: host: 'DESKTOP-8BIQ62C', ip: '192.168.0.8', os.name: 'Windows 10', os.arch: 'amd64', os.version: '10.0', java.version: '18.0.1.1'
Driver info: org.openqa.selenium.chrome.ChromeDriver
Capabilities {acceptInsecureCerts: false, browserName: chrome, browserVersion: 101.0.4951.67, chrome: {chromedriverVersion: 101.0.4951.41 (93c720db8323..., userDataDir: C:\Users\SVC\AppData\Local\...}, goog:chromeOptions: {debuggerAddress: localhost:53189}, javascriptEnabled: true, networkConnectionEnabled: false, pageLoadStrategy: normal, platform: WINDOWS, platformName: WINDOWS, proxy: Proxy(), setWindowRect: true, strictFileInteractability: false, timeouts: {implicit: 0, pageLoad: 300000, script: 30000}, unhandledPromptBehavior: dismiss and notify, webauthn:extension:credBlob: true, webauthn:extension:largeBlob: true, webauthn:virtualAuthenticators: true}
Session ID: 2c5e1d4cae0a4ab93232ced8509a6bdb
*** Element info: {Using=xpath, value=//span[@class='a-size-medium-plus a-color-base sw-atc-text a-text-bold']}
	at java.base/jdk.internal.reflect.DirectConstructorHandleAccessor.newInstance(DirectConstructorHandleAccessor.java:67)
	at java.base/java.lang.reflect.Constructor.newInstanceWithCaller(Constructor.java:499)
	at java.base/java.lang.reflect.Constructor.newInstance(Constructor.java:483)
	at org.openqa.selenium.remote.http.W3CHttpResponseCodec.createException(W3CHttpResponseCodec.java:187)
	at org.openqa.selenium.remote.http.W3CHttpResponseCodec.decode(W3CHttpResponseCodec.java:122)
	at org.openqa.selenium.remote.http.W3CHttpResponseCodec.decode(W3CHttpResponseCodec.java:49)
	at org.openqa.selenium.remote.HttpCommandExecutor.execute(HttpCommandExecutor.java:158)
	at org.openqa.selenium.remote.service.DriverCommandExecutor.execute(DriverCommandExecutor.java:83)
	at org.openqa.selenium.remote.RemoteWebDriver.execute(RemoteWebDriver.java:548)
	at org.openqa.selenium.remote.RemoteWebDriver.findElement(RemoteWebDriver.java:322)
	at org.openqa.selenium.remote.RemoteWebDriver.findElementByXPath(RemoteWebDriver.java:424)
	at org.openqa.selenium.By$ByXPath.findElement(By.java:353)
	at org.openqa.selenium.remote.RemoteWebDriver.findElement(RemoteWebDriver.java:314)
	at TestRunner.Test001.Tc1(Test001.java:106)
	at java.base/jdk.internal.reflect.DirectMethodHandleAccessor.invoke(DirectMethodHandleAccessor.java:104)
	at java.base/java.lang.reflect.Method.invoke(Method.java:577)
	at org.testng.internal.MethodInvocationHelper.invokeMethod(MethodInvocationHelper.java:84)
	at org.testng.internal.Invoker.invokeMethod(Invoker.java:714)
	at org.testng.internal.Invoker.invokeTestMethod(Invoker.java:901)
	at org.testng.internal.Invoker.invokeTestMethods(Invoker.java:1231)
	at org.testng.internal.TestMethodWorker.invokeTestMethods(TestMethodWorker.java:127)
	at org.testng.internal.TestMethodWorker.run(TestMethodWorker.java:111)
	at org.testng.TestRunner.privateRun(TestRunner.java:767)
	at org.testng.TestRunner.run(TestRunner.java:617)
	at org.testng.SuiteRunner.runTest(SuiteRunner.java:334)
	at org.testng.SuiteRunner.runSequentially(SuiteRunner.java:329)
	at org.testng.SuiteRunner.privateRun(SuiteRunner.java:291)
	at org.testng.SuiteRunner.run(SuiteRunner.java:240)
	at org.testng.SuiteRunnerWorker.runSuite(SuiteRunnerWorker.java:52)
	at org.testng.SuiteRunnerWorker.run(SuiteRunnerWorker.java:86)
	at org.testng.TestNG.runSuitesSequentially(TestNG.java:1224)
	at org.testng.TestNG.runSuitesLocally(TestNG.java:1149)
	at org.testng.TestNG.run(TestNG.java:1057)
	at org.testng.remote.AbstractRemoteTestNG.run(AbstractRemoteTestNG.java:115)
	at org.testng.remote.RemoteTestNG.initAndRun(RemoteTestNG.java:251)
	at org.testng.remote.RemoteTestNG.main(RemoteTestNG.java:77)
]]>
            </full-stacktrace>
          </exception> <!-- org.openqa.selenium.NoSuchElementException -->
          <reporter-output>
          </reporter-output>
        </test-method> <!-- Tc1 -->
        <test-method is-config="true" signature="TestCaseEndedTime()[pri:0, instance:TestRunner.Test001@1c5920df]" started-at="2022-05-25T10:09:46Z" name="TestCaseEndedTime" finished-at="2022-05-25T10:09:46Z" duration-ms="0" status="PASS">
          <reporter-output>
          </reporter-output>
        </test-method> <!-- TestCaseEndedTime -->
        <test-method is-config="true" signature="TestCaseStartedTime()[pri:0, instance:TestRunner.Test001@1c5920df]" started-at="2022-05-25T10:09:46Z" name="TestCaseStartedTime" finished-at="2022-05-25T10:09:51Z" duration-ms="4676" status="PASS">
          <reporter-output>
          </reporter-output>
        </test-method> <!-- TestCaseStartedTime -->
        <test-method signature="Tc2()[pri:0, instance:TestRunner.Test001@1c5920df]" started-at="2022-05-25T10:09:51Z" name="Tc2" finished-at="2022-05-25T10:09:58Z" duration-ms="7141" status="PASS">
          <reporter-output>
          </reporter-output>
        </test-method> <!-- Tc2 -->
        <test-method is-config="true" signature="TestCaseEndedTime()[pri:0, instance:TestRunner.Test001@1c5920df]" started-at="2022-05-25T10:09:58Z" name="TestCaseEndedTime" finished-at="2022-05-25T10:09:58Z" duration-ms="1" status="PASS">
          <reporter-output>
          </reporter-output>
        </test-method> <!-- TestCaseEndedTime -->
        <test-method is-config="true" signature="TestCaseStartedTime()[pri:0, instance:TestRunner.Test001@1c5920df]" started-at="2022-05-25T10:09:58Z" name="TestCaseStartedTime" finished-at="2022-05-25T10:10:14Z" duration-ms="16386" status="PASS">
          <reporter-output>
          </reporter-output>
        </test-method> <!-- TestCaseStartedTime -->
        <test-method signature="Tc3()[pri:0, instance:TestRunner.Test001@1c5920df]" started-at="2022-05-25T10:10:14Z" name="Tc3" finished-at="2022-05-25T10:10:21Z" duration-ms="6713" status="PASS">
          <reporter-output>
          </reporter-output>
        </test-method> <!-- Tc3 -->
        <test-method is-config="true" signature="TestCaseStartedTime()[pri:0, instance:TestRunner.Test001@1c5920df]" started-at="2022-05-25T10:10:21Z" name="TestCaseStartedTime" finished-at="2022-05-25T10:10:38Z" duration-ms="17431" status="PASS">
          <reporter-output>
          </reporter-output>
        </test-method> <!-- TestCaseStartedTime -->
        <test-method is-config="true" signature="TestCaseEndedTime()[pri:0, instance:TestRunner.Test001@1c5920df]" started-at="2022-05-25T10:10:21Z" name="TestCaseEndedTime" finished-at="2022-05-25T10:10:21Z" duration-ms="0" status="PASS">
          <reporter-output>
          </reporter-output>
        </test-method> <!-- TestCaseEndedTime -->
        <test-method signature="Tc4()[pri:0, instance:TestRunner.Test001@1c5920df]" started-at="2022-05-25T10:10:38Z" name="Tc4" finished-at="2022-05-25T10:10:48Z" duration-ms="9780" status="PASS">
          <reporter-output>
          </reporter-output>
        </test-method> <!-- Tc4 -->
        <test-method is-config="true" signature="TestCaseEndedTime()[pri:0, instance:TestRunner.Test001@1c5920df]" started-at="2022-05-25T10:10:48Z" name="TestCaseEndedTime" finished-at="2022-05-25T10:10:48Z" duration-ms="0" status="PASS">
          <reporter-output>
          </reporter-output>
        </test-method> <!-- TestCaseEndedTime -->
        <test-method is-config="true" signature="SuitedFinished()[pri:0, instance:TestRunner.Test001@1c5920df]" started-at="2022-05-25T10:10:48Z" name="SuitedFinished" finished-at="2022-05-25T10:10:48Z" duration-ms="36" status="PASS">
          <reporter-output>
          </reporter-output>
        </test-method> <!-- SuitedFinished -->
      </class> <!-- TestRunner.Test001 -->
    </test> <!-- Test2 -->
  </suite> <!-- Suite -->
</testng-results>
